  Puntuation.cpp
  Blinky.cpp
  Clyde.cpp
  Ghost.cpp
  AABB.cpp
  Inky.cpp
  Main.cpp
  Game.cpp
  LogMessages.cpp
  NavMesh.cpp
  Pinky.cpp
  ResourceManager.cpp
  Scene.cpp
C:\Users\yovyy\OneDrive\Documentos\GitHub\Pac-Man\Project\src\Scene.cpp(767,33): warning C4838: conversion from 'int' to 'float' requires a narrowing conversion
C:\Users\yovyy\OneDrive\Documentos\GitHub\Pac-Man\Project\src\Scene.cpp(767,33): warning C4244: 'initializing': conversion from 'int' to 'float', possible loss of data
C:\Users\yovyy\OneDrive\Documentos\GitHub\Pac-Man\Project\src\Scene.cpp(767,40): warning C4838: conversion from 'int' to 'float' requires a narrowing conversion
C:\Users\yovyy\OneDrive\Documentos\GitHub\Pac-Man\Project\src\Scene.cpp(767,40): warning C4244: 'initializing': conversion from 'int' to 'float', possible loss of data
C:\Users\yovyy\OneDrive\Documentos\GitHub\Pac-Man\Project\src\Scene.cpp(773,32): warning C4838: conversion from 'int' to 'float' requires a narrowing conversion
C:\Users\yovyy\OneDrive\Documentos\GitHub\Pac-Man\Project\src\Scene.cpp(773,32): warning C4244: 'initializing': conversion from 'int' to 'float', possible loss of data
C:\Users\yovyy\OneDrive\Documentos\GitHub\Pac-Man\Project\src\Scene.cpp(773,39): warning C4838: conversion from 'int' to 'float' requires a narrowing conversion
C:\Users\yovyy\OneDrive\Documentos\GitHub\Pac-Man\Project\src\Scene.cpp(773,39): warning C4244: 'initializing': conversion from 'int' to 'float', possible loss of data
  Player.cpp
  Object.cpp
  Entity.cpp
C:\Users\yovyy\OneDrive\Documentos\GitHub\Pac-Man\Project\src\Entity.cpp(92,37): warning C4244: 'return': conversion from 'float' to 'int', possible loss of data
  RenderComponent.cpp
  TileMap.cpp
  StaticImage.cpp
  Sprite.cpp
C:\Users\yovyy\OneDrive\Documentos\GitHub\Pac-Man\Project\src\Sprite.cpp(77,79): warning C4267: '=': conversion from 'size_t' to 'int', possible loss of data
  Generating code
  Previous IPDB not found, fall back to full compilation.
  All 1498 functions were compiled because no usable IPDB/IOBJ from previous compilation was found.
  Finished generating code
  Project.vcxproj -> C:\Users\yovyy\OneDrive\Documentos\GitHub\Pac-Man\Project\x64\Release\Project.exe
